0 info it worked if it ends with ok
1 verbose cli [ 'C:\\Program Files\\nodejs\\node.exe',
1 verbose cli   'C:\\Program Files\\nodejs\\node_modules\\npm\\bin\\npm-cli.js',
1 verbose cli   'run',
1 verbose cli   'flow' ]
2 info using npm@3.10.10
3 info using node@v6.11.0
4 verbose run-script [ 'preflow', 'flow', 'postflow' ]
5 info lifecycle complete-intro-to-react@3.0.0~preflow: complete-intro-to-react@3.0.0
6 silly lifecycle complete-intro-to-react@3.0.0~preflow: no script for preflow, continuing
7 info lifecycle complete-intro-to-react@3.0.0~flow: complete-intro-to-react@3.0.0
8 verbose lifecycle complete-intro-to-react@3.0.0~flow: unsafe-perm in lifecycle true
9 verbose lifecycle complete-intro-to-react@3.0.0~flow: PATH: C:\Program Files\nodejs\node_modules\npm\bin\node-gyp-bin;C:\Users\ericson.gonzalez\Desktop\ericson\ReactApp\node_modules\.bin;C:\ProgramData\Oracle\Java\javapath;C:\windows\system32;C:\windows;C:\windows\System32\Wbem;C:\windows\System32\WindowsPowerShell\v1.0\;C:\Program Files (x86)\Skype\Phone\;C:\Program Files\TortoiseSVN\bin;C:\Program Files\nodejs\;C:\Program Files\Git\cmd;C:\Users\ericson.gonzalez\AppData\Roaming\npm
10 verbose lifecycle complete-intro-to-react@3.0.0~flow: CWD: C:\Users\ericson.gonzalez\Desktop\ericson\ReactApp
11 silly lifecycle complete-intro-to-react@3.0.0~flow: Args: [ '/d /s /c', 'flow' ]
12 silly lifecycle complete-intro-to-react@3.0.0~flow: Returned: code: 2  signal: null
13 info lifecycle complete-intro-to-react@3.0.0~flow: Failed to exec flow script
14 verbose stack Error: complete-intro-to-react@3.0.0 flow: `flow`
14 verbose stack Exit status 2
14 verbose stack     at EventEmitter.<anonymous> (C:\Program Files\nodejs\node_modules\npm\lib\utils\lifecycle.js:255:16)
14 verbose stack     at emitTwo (events.js:106:13)
14 verbose stack     at EventEmitter.emit (events.js:191:7)
14 verbose stack     at ChildProcess.<anonymous> (C:\Program Files\nodejs\node_modules\npm\lib\utils\spawn.js:40:14)
14 verbose stack     at emitTwo (events.js:106:13)
14 verbose stack     at ChildProcess.emit (events.js:191:7)
14 verbose stack     at maybeClose (internal/child_process.js:891:16)
14 verbose stack     at Process.ChildProcess._handle.onexit (internal/child_process.js:226:5)
15 verbose pkgid complete-intro-to-react@3.0.0
16 verbose cwd C:\Users\ericson.gonzalez\Desktop\ericson\ReactApp
17 error Windows_NT 6.1.7601
18 error argv "C:\\Program Files\\nodejs\\node.exe" "C:\\Program Files\\nodejs\\node_modules\\npm\\bin\\npm-cli.js" "run" "flow"
19 error node v6.11.0
20 error npm  v3.10.10
21 error code ELIFECYCLE
22 error complete-intro-to-react@3.0.0 flow: `flow`
22 error Exit status 2
23 error Failed at the complete-intro-to-react@3.0.0 flow script 'flow'.
23 error Make sure you have the latest version of node.js and npm installed.
23 error If you do, this is most likely a problem with the complete-intro-to-react package,
23 error not with npm itself.
23 error Tell the author that this fails on your system:
23 error     flow
23 error You can get information on how to open an issue for this project with:
23 error     npm bugs complete-intro-to-react
23 error Or if that isn't available, you can get their info via:
23 error     npm owner ls complete-intro-to-react
23 error There is likely additional logging output above.
24 verbose exit [ 1, true ]
